2025-07-10 03:21:54,338 - INFO - --- Starting Transformer Training for: distilbert (distilbert-base-uncased) ---
2025-07-10 03:21:54,339 - INFO - Using device: cuda
2025-07-10 03:21:57,840 - INFO - --- Epoch 1/3 ---
2025-07-10 03:39:47,752 - INFO - Average Training Loss: 0.1720
2025-07-10 03:39:47,752 - INFO - Average Validation Loss: 0.1317
2025-07-10 03:39:47,753 - INFO - Validation Metrics (Epoch 1): 0.9384 F1-Score
2025-07-10 03:39:47,754 - INFO - New best F1 score: 0.9384. Saving model...
2025-07-10 03:39:48,370 - INFO - --- Epoch 2/3 ---
2025-07-10 03:57:32,741 - INFO - Average Training Loss: 0.1163
2025-07-10 03:57:32,742 - INFO - Average Validation Loss: 0.1391
2025-07-10 03:57:32,742 - INFO - Validation Metrics (Epoch 2): 0.9359 F1-Score
2025-07-10 03:57:32,742 - INFO - --- Epoch 3/3 ---
2025-07-10 04:15:32,839 - INFO - Average Training Loss: 0.0841
2025-07-10 04:15:32,840 - INFO - Average Validation Loss: 0.2094
2025-07-10 04:15:32,840 - INFO - Validation Metrics (Epoch 3): 0.9314 F1-Score
2025-07-10 04:15:32,843 - INFO - Results saved to C:\Users\Sahil Khan\Desktop\Adv-Fake-News-Detection\results\transformer_distilbert_training_stats.json
2025-07-10 04:15:32,844 - INFO - --- Training for distilbert complete. ---
2025-07-10 04:15:32,882 - INFO - --- Starting Transformer Training for: albert (albert-base-v2) ---
2025-07-10 04:15:32,882 - INFO - Using device: cuda
2025-07-10 04:15:34,198 - INFO - --- Epoch 1/3 ---
2025-07-10 04:56:46,242 - INFO - Average Training Loss: 0.1706
2025-07-10 04:56:46,242 - INFO - Average Validation Loss: 0.1386
2025-07-10 04:56:46,242 - INFO - Validation Metrics (Epoch 1): 0.9250 F1-Score
2025-07-10 04:56:46,243 - INFO - New best F1 score: 0.9250. Saving model...
2025-07-10 04:56:46,356 - INFO - --- Epoch 2/3 ---
2025-07-10 05:37:47,106 - INFO - Average Training Loss: 0.1406
2025-07-10 05:37:47,107 - INFO - Average Validation Loss: 0.1490
2025-07-10 05:37:47,107 - INFO - Validation Metrics (Epoch 2): 0.9327 F1-Score
2025-07-10 05:37:47,107 - INFO - New best F1 score: 0.9327. Saving model...
2025-07-10 05:37:47,186 - INFO - --- Epoch 3/3 ---
2025-07-10 06:18:57,510 - INFO - Average Training Loss: 0.1264
2025-07-10 06:18:57,510 - INFO - Average Validation Loss: 0.1438
2025-07-10 06:18:57,510 - INFO - Validation Metrics (Epoch 3): 0.9366 F1-Score
2025-07-10 06:18:57,511 - INFO - New best F1 score: 0.9366. Saving model...
2025-07-10 06:18:57,582 - INFO - Results saved to C:\Users\Sahil Khan\Desktop\Adv-Fake-News-Detection\results\transformer_albert_training_stats.json
2025-07-10 06:18:57,582 - INFO - --- Training for albert complete. ---
